2014-06-16 23:31:38.719 HelloCordova[3021:80b] Multi-tasking -> Device: YES, App: YES
2014-06-16 23:31:38.742 HelloCordova[3021:80b] Unlimited access to network resources
2014-06-16 23:31:38.935 HelloCordova[3021:80b] [CDVTimer][keyboard] 0.101984ms
2014-06-16 23:31:38.935 HelloCordova[3021:80b] CDVPlugin class CDVStatusBar (pluginName: statusbar) does not exist.
2014-06-16 23:31:38.936 HelloCordova[3021:80b] [CDVTimer][statusbar] 0.921011ms
2014-06-16 23:31:38.937 HelloCordova[3021:80b] [CDVTimer][TotalPluginStartup] 1.964033ms
2014-06-16 23:31:39.100 HelloCordova[3021:80b] Resetting plugins due to page load.
2014-06-16 23:31:39.349 HelloCordova[3021:80b] Finished load of: file:///Users/ripusingla/Library/Application%20Support/iPhone%20Simulator/7.0.3/Applications/1453472A-BB33-4E7A-BBEE-B1C8C5E7F61E/HelloCordova.app/www/index.html#/tab/dash
Terminating in response to SpringBoard's termination.
2014-06-16 23:38:36.401 HelloCordova[3230:80b] Multi-tasking -> Device: YES, App: YES
2014-06-16 23:38:36.410 HelloCordova[3230:80b] Unlimited access to network resources
2014-06-16 23:38:36.434 HelloCordova[3230:80b] [CDVTimer][keyboard] 0.093997ms
2014-06-16 23:38:36.435 HelloCordova[3230:80b] CDVPlugin class CDVStatusBar (pluginName: statusbar) does not exist.
2014-06-16 23:38:36.437 HelloCordova[3230:80b] [CDVTimer][statusbar] 1.402974ms
2014-06-16 23:38:36.437 HelloCordova[3230:80b] [CDVTimer][TotalPluginStartup] 3.039002ms
2014-06-16 23:38:36.588 HelloCordova[3230:80b] Resetting plugins due to page load.
2014-06-16 23:38:36.743 HelloCordova[3230:80b] Finished load of: file:///Users/ripusingla/Library/Application%20Support/iPhone%20Simulator/7.0.3/Applications/1453472A-BB33-4E7A-BBEE-B1C8C5E7F61E/HelloCordova.app/www/index.html#/tab/dash
2014-06-16 23:43:01.928 HelloCordova[3434:80b] Multi-tasking -> Device: YES, App: YES
2014-06-16 23:43:01.937 HelloCordova[3434:80b] Unlimited access to network resources
2014-06-16 23:43:01.959 HelloCordova[3434:80b] [CDVTimer][keyboard] 0.083983ms
2014-06-16 23:43:01.959 HelloCordova[3434:80b] CDVPlugin class CDVStatusBar (pluginName: statusbar) does not exist.
2014-06-16 23:43:01.960 HelloCordova[3434:80b] [CDVTimer][statusbar] 0.413001ms
2014-06-16 23:43:01.960 HelloCordova[3434:80b] [CDVTimer][TotalPluginStartup] 1.430035ms
2014-06-16 23:43:02.102 HelloCordova[3434:80b] Resetting plugins due to page load.
2014-06-16 23:43:02.272 HelloCordova[3434:80b] Finished load of: file:///Users/ripusingla/Library/Application%20Support/iPhone%20Simulator/7.0.3/Applications/1453472A-BB33-4E7A-BBEE-B1C8C5E7F61E/HelloCordova.app/www/index.html#/tab/dash
2014-06-16 23:47:32.396 HelloCordova[3609:80b] Multi-tasking -> Device: YES, App: YES
2014-06-16 23:47:32.432 HelloCordova[3609:80b] Unlimited access to network resources
2014-06-16 23:47:32.536 HelloCordova[3609:80b] [CDVTimer][keyboard] 0.061035ms
2014-06-16 23:47:32.536 HelloCordova[3609:80b] CDVPlugin class CDVStatusBar (pluginName: statusbar) does not exist.
2014-06-16 23:47:32.537 HelloCordova[3609:80b] [CDVTimer][statusbar] 0.392020ms
2014-06-16 23:47:32.537 HelloCordova[3609:80b] [CDVTimer][TotalPluginStartup] 1.263022ms
2014-06-16 23:47:32.738 HelloCordova[3609:80b] Resetting plugins due to page load.
2014-06-16 23:47:32.936 HelloCordova[3609:80b] Finished load of: file:///Users/ripusingla/Library/Application%20Support/iPhone%20Simulator/7.0.3/Applications/1453472A-BB33-4E7A-BBEE-B1C8C5E7F61E/HelloCordova.app/www/index.html#/tab/dash
2014-06-16 23:48:12.446 HelloCordova[3803:80b] Multi-tasking -> Device: YES, App: YES
2014-06-16 23:48:12.456 HelloCordova[3803:80b] Unlimited access to network resources
2014-06-16 23:48:12.479 HelloCordova[3803:80b] [CDVTimer][keyboard] 0.091016ms
2014-06-16 23:48:12.479 HelloCordova[3803:80b] CDVPlugin class CDVStatusBar (pluginName: statusbar) does not exist.
2014-06-16 23:48:12.480 HelloCordova[3803:80b] [CDVTimer][statusbar] 0.463963ms
2014-06-16 23:48:12.480 HelloCordova[3803:80b] [CDVTimer][TotalPluginStartup] 1.613975ms
2014-06-16 23:48:12.665 HelloCordova[3803:80b] Resetting plugins due to page load.
2014-06-16 23:48:12.872 HelloCordova[3803:80b] Finished load of: file:///Users/ripusingla/Library/Application%20Support/iPhone%20Simulator/7.0.3/Applications/1453472A-BB33-4E7A-BBEE-B1C8C5E7F61E/HelloCordova.app/www/index.html#/tab/dash
2014-06-16 23:49:49.471 HelloCordova[3999:80b] Multi-tasking -> Device: YES, App: YES
2014-06-16 23:49:49.481 HelloCordova[3999:80b] Unlimited access to network resources
2014-06-16 23:49:49.501 HelloCordova[3999:80b] [CDVTimer][keyboard] 0.084996ms
2014-06-16 23:49:49.502 HelloCordova[3999:80b] CDVPlugin class CDVStatusBar (pluginName: statusbar) does not exist.
2014-06-16 23:49:49.502 HelloCordova[3999:80b] [CDVTimer][statusbar] 0.454009ms
2014-06-16 23:49:49.503 HelloCordova[3999:80b] [CDVTimer][TotalPluginStartup] 1.448035ms
2014-06-16 23:49:49.683 HelloCordova[3999:80b] Resetting plugins due to page load.
2014-06-16 23:49:49.883 HelloCordova[3999:80b] Finished load of: file:///Users/ripusingla/Library/Application%20Support/iPhone%20Simulator/7.0.3/Applications/1453472A-BB33-4E7A-BBEE-B1C8C5E7F61E/HelloCordova.app/www/index.html#/tab/dash
2014-06-17 01:13:41.897 HelloCordova[5110:80b] Multi-tasking -> Device: YES, App: YES
2014-06-17 01:13:41.966 HelloCordova[5110:80b] Unlimited access to network resources
2014-06-17 01:13:42.210 HelloCordova[5110:80b] [CDVTimer][keyboard] 0.109971ms
2014-06-17 01:13:42.211 HelloCordova[5110:80b] CDVPlugin class CDVStatusBar (pluginName: statusbar) does not exist.
2014-06-17 01:13:42.211 HelloCordova[5110:80b] [CDVTimer][statusbar] 0.436962ms
2014-06-17 01:13:42.212 HelloCordova[5110:80b] [CDVTimer][TotalPluginStartup] 1.484990ms
2014-06-17 01:13:42.465 HelloCordova[5110:80b] Resetting plugins due to page load.
2014-06-17 01:13:42.671 HelloCordova[5110:80b] Finished load of: file:///Users/ripusingla/Library/Application%20Support/iPhone%20Simulator/7.0.3/Applications/1453472A-BB33-4E7A-BBEE-B1C8C5E7F61E/HelloCordova.app/www/index.html#/tab/dash
2014-06-18 09:34:28.483 HelloCordova[7957:80b] Multi-tasking -> Device: YES, App: YES
2014-06-18 09:34:28.519 HelloCordova[7957:80b] Unlimited access to network resources
2014-06-18 09:34:28.702 HelloCordova[7957:80b] [CDVTimer][keyboard] 0.090003ms
2014-06-18 09:34:28.702 HelloCordova[7957:80b] CDVPlugin class CDVStatusBar (pluginName: statusbar) does not exist.
2014-06-18 09:34:28.703 HelloCordova[7957:80b] [CDVTimer][statusbar] 0.428975ms
2014-06-18 09:34:28.703 HelloCordova[7957:80b] [CDVTimer][TotalPluginStartup] 1.424015ms
2014-06-18 09:34:28.932 HelloCordova[7957:80b] Resetting plugins due to page load.
2014-06-18 09:34:29.157 HelloCordova[7957:80b] Finished load of: file:///Users/ripusingla/Library/Application%20Support/iPhone%20Simulator/7.0.3/Applications/1453472A-BB33-4E7A-BBEE-B1C8C5E7F61E/HelloCordova.app/www/index.html#/tab/dash
2014-06-18 09:45:21.993 HelloCordova[8178:80b] Multi-tasking -> Device: YES, App: YES
2014-06-18 09:45:22.003 HelloCordova[8178:80b] Unlimited access to network resources
2014-06-18 09:45:22.025 HelloCordova[8178:80b] [CDVTimer][keyboard] 0.084996ms
2014-06-18 09:45:22.026 HelloCordova[8178:80b] CDVPlugin class CDVStatusBar (pluginName: statusbar) does not exist.
2014-06-18 09:45:22.026 HelloCordova[8178:80b] [CDVTimer][statusbar] 0.410020ms
2014-06-18 09:45:22.026 HelloCordova[8178:80b] [CDVTimer][TotalPluginStartup] 1.430988ms
2014-06-18 09:45:22.147 HelloCordova[8178:80b] Resetting plugins due to page load.
2014-06-18 09:45:22.392 HelloCordova[8178:80b] Finished load of: file:///Users/ripusingla/Library/Application%20Support/iPhone%20Simulator/7.0.3/Applications/1453472A-BB33-4E7A-BBEE-B1C8C5E7F61E/HelloCordova.app/www/index.html#/tab/dash
2014-07-19 21:57:47.028 HelloCordova[17771:80b] Multi-tasking -> Device: YES, App: YES
2014-07-19 21:57:47.060 HelloCordova[17771:80b] Unlimited access to network resources
2014-07-19 21:57:47.310 HelloCordova[17771:80b] [CDVTimer][keyboard] 0.169992ms
2014-07-19 21:57:47.311 HelloCordova[17771:80b] CDVPlugin class CDVStatusBar (pluginName: statusbar) does not exist.
2014-07-19 21:57:47.312 HelloCordova[17771:80b] [CDVTimer][statusbar] 1.084983ms
2014-07-19 21:57:47.314 HelloCordova[17771:80b] [CDVTimer][TotalPluginStartup] 3.547013ms
2014-07-19 21:57:47.569 HelloCordova[17771:80b] Resetting plugins due to page load.
2014-07-19 21:57:47.842 HelloCordova[17771:80b] Finished load of: file:///Users/ripusingla/Library/Application%20Support/iPhone%20Simulator/7.0.3/Applications/1453472A-BB33-4E7A-BBEE-B1C8C5E7F61E/HelloCordova.app/www/index.html#/tab/dash
